{"/Users/alejandrovilla/Documents/projects/Templates/UI/src/constants.js": {"path":"/Users/alejandrovilla/Documents/projects/Templates/UI/src/constants.js","statementMap":{"0":{"start":{"line":1,"column":22},"end":{"line":1,"column":30}}},"fnMap":{},"branchMap":{},"s":{"0":1},"f":{},"b":{},"_coverageSchema":"332fd63041d2c1bcb487cc26dd0d5f7d97098a6c","hash":"754e536518d351e0b6448a3ecd062a52cf753f55"}
,"/Users/alejandrovilla/Documents/projects/Templates/UI/src/reducers/reducer1.js": {"path":"/Users/alejandrovilla/Documents/projects/Templates/UI/src/reducers/reducer1.js","statementMap":{"0":{"start":{"line":5,"column":17},"end":{"line":17,"column":1}},"1":{"start":{"line":9,"column":2},"end":{"line":15,"column":3}},"2":{"start":{"line":11,"column":6},"end":{"line":11,"column":36}},"3":{"start":{"line":12,"column":6},"end":{"line":12,"column":12}},"4":{"start":{"line":14,"column":6},"end":{"line":14,"column":19}},"5":{"start":{"line":16,"column":2},"end":{"line":16,"column":15}}},"fnMap":{"0":{"name":"(anonymous_0)","decl":{"start":{"line":5,"column":17},"end":{"line":5,"column":18}},"loc":{"start":{"line":8,"column":14},"end":{"line":17,"column":1}},"line":8}},"branchMap":{"0":{"loc":{"start":{"line":5,"column":18},"end":{"line":8,"column":1}},"type":"default-arg","locations":[{"start":{"line":5,"column":26},"end":{"line":8,"column":1}}],"line":5},"1":{"loc":{"start":{"line":9,"column":2},"end":{"line":15,"column":3}},"type":"switch","locations":[{"start":{"line":10,"column":4},"end":{"line":12,"column":12}},{"start":{"line":13,"column":4},"end":{"line":14,"column":19}}],"line":9}},"s":{"0":1,"1":2,"2":1,"3":1,"4":1,"5":1},"f":{"0":2},"b":{"0":[2],"1":[1,1]},"_coverageSchema":"332fd63041d2c1bcb487cc26dd0d5f7d97098a6c","hash":"3f3bd88836113a3efc3898440cb6c797110a18d6"}
}
